<?xml version="1.0" encoding="UTF-8" ?>
<testsuites name="vitest tests" tests="96" failures="0" errors="0" time="0.701">
    <testsuite name="tests/main.test.ts" timestamp="2026-05-16T18:29:59.098Z" hostname="avernus.local" tests="6" failures="0" errors="0" skipped="0" time="0.072586959">
        <testcase classname="tests/main.test.ts" name="Electron shell main process &gt; exports a hardened webPreferences contract" time="0.068492459">
        </testcase>
        <testcase classname="tests/main.test.ts" name="Electron shell main process &gt; uses 1440x900 default and 1024x720 minimum window size" time="0.000281792">
        </testcase>
        <testcase classname="tests/main.test.ts" name="Electron shell main process &gt; buildWindowOptions wires the security contract and a preload script" time="0.000458958">
        </testcase>
        <testcase classname="tests/main.test.ts" name="Electron shell main process &gt; applies platform-specific titlebar styling" time="0.000108625">
        </testcase>
        <testcase classname="tests/main.test.ts" name="Electron shell main process &gt; createWindow boots and registers hardening handlers" time="0.002351417">
        </testcase>
        <testcase classname="tests/main.test.ts" name="Electron shell main process &gt; resolves a renderer entry path under apps/renderer/out" time="0.000169875">
        </testcase>
    </testsuite>
    <testsuite name="tests/preload.test.ts" timestamp="2026-05-16T18:29:59.100Z" hostname="avernus.local" tests="9" failures="0" errors="0" skipped="0" time="0.028471708">
        <testcase classname="tests/preload.test.ts" name="preload bridge &gt; exposes window.electronAPI via contextBridge.exposeInMainWorld" time="0.015880042">
        </testcase>
        <testcase classname="tests/preload.test.ts" name="preload bridge &gt; request() calls ipcRenderer.invoke(&apos;api:request&apos;, args)" time="0.001607667">
        </testcase>
        <testcase classname="tests/preload.test.ts" name="preload bridge &gt; stream() registers listeners for event/end/error channels" time="0.001440208">
        </testcase>
        <testcase classname="tests/preload.test.ts" name="preload bridge &gt; stream() cancel removes listeners and invokes api:stream:cancel" time="0.00340325">
        </testcase>
        <testcase classname="tests/preload.test.ts" name="preload bridge &gt; saveAs() calls ipcRenderer.invoke(&apos;dialog:saveAs&apos;, args)" time="0.001253209">
        </testcase>
        <testcase classname="tests/preload.test.ts" name="preload bridge &gt; openExternal() calls ipcRenderer.invoke(&apos;shell:openExternal&apos;, args)" time="0.000793">
        </testcase>
        <testcase classname="tests/preload.test.ts" name="preload bridge &gt; getVersion() calls ipcRenderer.invoke(&apos;app:getVersion&apos;)" time="0.001086042">
        </testcase>
        <testcase classname="tests/preload.test.ts" name="preload bridge &gt; does not expose ipcRenderer directly on electronAPI" time="0.001426333">
        </testcase>
        <testcase classname="tests/preload.test.ts" name="preload bridge &gt; hardwareCheck() calls ipcRenderer.invoke(&apos;hardware:check&apos;)" time="0.000896541">
        </testcase>
    </testsuite>
    <testsuite name="tests/crash/crash-reporter.test.ts" timestamp="2026-05-16T18:29:59.102Z" hostname="avernus.local" tests="5" failures="0" errors="0" skipped="0" time="0.036969792">
        <testcase classname="tests/crash/crash-reporter.test.ts" name="crash-reporter &gt; starts crashReporter with uploadToServer disabled" time="0.016002458">
        </testcase>
        <testcase classname="tests/crash/crash-reporter.test.ts" name="crash-reporter &gt; uncaught exception writes crash JSON file" time="0.009184625">
        </testcase>
        <testcase classname="tests/crash/crash-reporter.test.ts" name="crash-reporter &gt; sanitizes Bearer and X-Audiomorph-Token values" time="0.003404625">
        </testcase>
        <testcase classname="tests/crash/crash-reporter.test.ts" name="crash-reporter &gt; calls app.exit(1) after crash write" time="0.005608917">
        </testcase>
        <testcase classname="tests/crash/crash-reporter.test.ts" name="crash-reporter &gt; getCrashLogDir resolves to userData/logs/crashes" time="0.002158667">
        </testcase>
    </testsuite>
    <testsuite name="tests/hardware/hardware-check.test.ts" timestamp="2026-05-16T18:29:59.103Z" hostname="avernus.local" tests="3" failures="0" errors="0" skipped="0" time="0.014292125">
        <testcase classname="tests/hardware/hardware-check.test.ts" name="hardware check enforcement and IPC &gt; enforceHardwareRequirements passes when detect() returns ok=true" time="0.008937292">
        </testcase>
        <testcase classname="tests/hardware/hardware-check.test.ts" name="hardware check enforcement and IPC &gt; enforceHardwareRequirements shows dialog and exits with code 1 when detect fails" time="0.003311583">
        </testcase>
        <testcase classname="tests/hardware/hardware-check.test.ts" name="hardware check enforcement and IPC &gt; registerHardwareIpcHandler registers hardware:check and returns HardwareReport" time="0.001418833">
        </testcase>
    </testsuite>
    <testsuite name="tests/ipc/bridge.test.ts" timestamp="2026-05-16T18:29:59.104Z" hostname="avernus.local" tests="8" failures="0" errors="0" skipped="0" time="0.151917333">
        <testcase classname="tests/ipc/bridge.test.ts" name="IPC bridge &gt; api:request proxies with X-Audiomorph-Token header and returns status/body" time="0.02490425">
        </testcase>
        <testcase classname="tests/ipc/bridge.test.ts" name="IPC bridge &gt; api:cancel aborts in-flight api:request" time="0.008070958">
        </testcase>
        <testcase classname="tests/ipc/bridge.test.ts" name="IPC bridge &gt; api:stream forwards SSE messages to renderer via webContents.send" time="0.065820417">
        </testcase>
        <testcase classname="tests/ipc/bridge.test.ts" name="IPC bridge &gt; api:stream:cancel aborts active stream" time="0.007292791">
        </testcase>
        <testcase classname="tests/ipc/bridge.test.ts" name="IPC bridge &gt; fs:copyFile rejects path traversal outside allowlist" time="0.012466333">
        </testcase>
        <testcase classname="tests/ipc/bridge.test.ts" name="IPC bridge &gt; shell:openExternal enforces allowlist" time="0.016162167">
        </testcase>
        <testcase classname="tests/ipc/bridge.test.ts" name="IPC bridge &gt; api:request forwards error envelope response verbatim" time="0.006992875">
        </testcase>
        <testcase classname="tests/ipc/bridge.test.ts" name="IPC bridge &gt; renderer response values never include sidecar token" time="0.009532666">
        </testcase>
    </testsuite>
    <testsuite name="tests/ipc/vault-handlers.test.ts" timestamp="2026-05-16T18:29:59.105Z" hostname="avernus.local" tests="5" failures="0" errors="0" skipped="0" time="0.037546958">
        <testcase classname="tests/ipc/vault-handlers.test.ts" name="vault IPC handlers &gt; vault:get returns { present } and never secret value" time="0.018182709">
        </testcase>
        <testcase classname="tests/ipc/vault-handlers.test.ts" name="vault IPC handlers &gt; vault:set calls vault.set and returns ok" time="0.006117458">
        </testcase>
        <testcase classname="tests/ipc/vault-handlers.test.ts" name="vault IPC handlers &gt; vault:delete calls vault.delete" time="0.0038925">
        </testcase>
        <testcase classname="tests/ipc/vault-handlers.test.ts" name="vault IPC handlers &gt; vault:has calls vault.has and returns present" time="0.005316042">
        </testcase>
        <testcase classname="tests/ipc/vault-handlers.test.ts" name="vault IPC handlers &gt; getSecretForSidecar returns decrypted value but IPC responses do not" time="0.003413958">
        </testcase>
    </testsuite>
    <testsuite name="tests/lifecycle/app-lifecycle.test.ts" timestamp="2026-05-16T18:29:59.105Z" hostname="avernus.local" tests="6" failures="0" errors="0" skipped="0" time="0.03094625">
        <testcase classname="tests/lifecycle/app-lifecycle.test.ts" name="setupAppLifecycle &gt; single-instance lock acquired proceeds normally" time="0.018758209">
        </testcase>
        <testcase classname="tests/lifecycle/app-lifecycle.test.ts" name="setupAppLifecycle &gt; single-instance lock failure quits immediately" time="0.003311917">
        </testcase>
        <testcase classname="tests/lifecycle/app-lifecycle.test.ts" name="setupAppLifecycle &gt; second-instance focuses and restores existing window" time="0.002048583">
        </testcase>
        <testcase classname="tests/lifecycle/app-lifecycle.test.ts" name="setupAppLifecycle &gt; window-all-closed on non-macOS quits app" time="0.002225708">
        </testcase>
        <testcase classname="tests/lifecycle/app-lifecycle.test.ts" name="setupAppLifecycle &gt; window-all-closed on macOS does not quit app" time="0.001291291">
        </testcase>
        <testcase classname="tests/lifecycle/app-lifecycle.test.ts" name="setupAppLifecycle &gt; deep-link URL logging is masked (no query params)" time="0.002669167">
        </testcase>
    </testsuite>
    <testsuite name="tests/menu/menu-builder.test.ts" timestamp="2026-05-16T18:29:59.107Z" hostname="avernus.local" tests="4" failures="0" errors="0" skipped="0" time="0.027794833">
        <testcase classname="tests/menu/menu-builder.test.ts" name="buildMenu &gt; macOS includes native app menu" time="0.019129458">
        </testcase>
        <testcase classname="tests/menu/menu-builder.test.ts" name="buildMenu &gt; win/linux includes File &gt; Quit" time="0.00405075">
        </testcase>
        <testcase classname="tests/menu/menu-builder.test.ts" name="buildMenu &gt; DevTools menu item exists only in dev mode" time="0.001543">
        </testcase>
        <testcase classname="tests/menu/menu-builder.test.ts" name="buildMenu &gt; sets application menu with built menu" time="0.002454041">
        </testcase>
    </testsuite>
    <testsuite name="tests/packaging/linux.test.ts" timestamp="2026-05-16T18:29:59.108Z" hostname="avernus.local" tests="10" failures="0" errors="0" skipped="0" time="0.025116917">
        <testcase classname="tests/packaging/linux.test.ts" name="linux packaging &gt; electron-builder.yml linux section has required fields" time="0.001194791">
        </testcase>
        <testcase classname="tests/packaging/linux.test.ts" name="linux packaging &gt; electron-builder.yml linux desktop entry has required keys" time="0.000397334">
        </testcase>
        <testcase classname="tests/packaging/linux.test.ts" name="linux packaging &gt; electron-builder.yml deb section lists all required runtime deps" time="0.00052675">
        </testcase>
        <testcase classname="tests/packaging/linux.test.ts" name="linux packaging &gt; electron-builder.yml deb section wires postinst.sh afterInstall hook" time="0.000146208">
        </testcase>
        <testcase classname="tests/packaging/linux.test.ts" name="linux packaging &gt; postinst.sh exists, has bash shebang, and uses strict mode" time="0.0002235">
        </testcase>
        <testcase classname="tests/packaging/linux.test.ts" name="linux packaging &gt; postinst.sh contains nvidia-smi check with all fallback paths" time="0.000132583">
        </testcase>
        <testcase classname="tests/packaging/linux.test.ts" name="linux packaging &gt; postinst.sh prints red error and exits 1 when nvidia-smi missing" time="0.000111875">
        </testcase>
        <testcase classname="tests/packaging/linux.test.ts" name="linux packaging &gt; postinst.sh has valid bash syntax" time="0.00894025">
        </testcase>
        <testcase classname="tests/packaging/linux.test.ts" name="linux packaging &gt; build-linux.sh exists, is executable, and has valid bash syntax" time="0.012543333">
        </testcase>
        <testcase classname="tests/packaging/linux.test.ts" name="linux packaging &gt; build-linux.sh runs bun build:all and electron-builder --linux --x64" time="0.000196625">
        </testcase>
    </testsuite>
    <testsuite name="tests/packaging/mac.test.ts" timestamp="2026-05-16T18:29:59.109Z" hostname="avernus.local" tests="5" failures="0" errors="0" skipped="0" time="0.012679792">
        <testcase classname="tests/packaging/mac.test.ts" name="mac packaging &gt; entitlements plist is valid XML and contains all required keys" time="0.000864625">
        </testcase>
        <testcase classname="tests/packaging/mac.test.ts" name="mac packaging &gt; sign-python afterPack hook exports a function" time="0.010796167">
        </testcase>
        <testcase classname="tests/packaging/mac.test.ts" name="mac packaging &gt; build script contains required env guards" time="0.000219708">
        </testcase>
        <testcase classname="tests/packaging/mac.test.ts" name="mac packaging &gt; env guard logic fails fast with descriptive missing variable" time="0.000109208">
        </testcase>
        <testcase classname="tests/packaging/mac.test.ts" name="mac packaging &gt; env guard logic passes when all required variables are set" time="0.000082167">
        </testcase>
    </testsuite>
    <testsuite name="tests/packaging/win.test.ts" timestamp="2026-05-16T18:29:59.114Z" hostname="avernus.local" tests="6" failures="0" errors="0" skipped="0" time="0.013557959">
        <testcase classname="tests/packaging/win.test.ts" name="win packaging &gt; electron-builder.yml win section has required fields" time="0.001105916">
        </testcase>
        <testcase classname="tests/packaging/win.test.ts" name="win packaging &gt; electron-builder.yml nsis section has required fields" time="0.000649917">
        </testcase>
        <testcase classname="tests/packaging/win.test.ts" name="win packaging &gt; installer.nsh contains NVIDIA check via Get-CimInstance (not wmic)" time="0.000280708">
        </testcase>
        <testcase classname="tests/packaging/win.test.ts" name="win packaging &gt; installer.nsh uses customInit macro and PowerShell exec" time="0.000168834">
        </testcase>
        <testcase classname="tests/packaging/win.test.ts" name="win packaging &gt; build-win.sh exists, is executable, and has valid bash syntax" time="0.010446125">
        </testcase>
        <testcase classname="tests/packaging/win.test.ts" name="win packaging &gt; build-win.sh runs electron-builder --win --x64 and does not require WIN_CSC vars" time="0.000292292">
        </testcase>
    </testsuite>
    <testsuite name="tests/release/stamp-version.test.ts" timestamp="2026-05-16T18:29:59.115Z" hostname="avernus.local" tests="6" failures="0" errors="0" skipped="0" time="0.168024041">
        <testcase classname="tests/release/stamp-version.test.ts" name="stamp-version &gt; reads version from root package.json when no argument provided" time="0.001158083">
        </testcase>
        <testcase classname="tests/release/stamp-version.test.ts" name="stamp-version &gt; stamps version to all workspace package.json files" time="0.032002208">
        </testcase>
        <testcase classname="tests/release/stamp-version.test.ts" name="stamp-version &gt; stamps version to apps/sidecar/pyproject.toml" time="0.027999791">
        </testcase>
        <testcase classname="tests/release/stamp-version.test.ts" name="stamp-version &gt; creates apps/renderer/src/version.ts with correct export" time="0.027884125">
        </testcase>
        <testcase classname="tests/release/stamp-version.test.ts" name="stamp-version &gt; creates apps/shell/src/version.ts with correct export" time="0.044493959">
        </testcase>
        <testcase classname="tests/release/stamp-version.test.ts" name="stamp-version &gt; propagates version across all workspaces when stamping" time="0.0338155">
        </testcase>
    </testsuite>
    <testsuite name="tests/sidecar/manager.test.ts" timestamp="2026-05-16T18:29:59.116Z" hostname="avernus.local" tests="7" failures="0" errors="0" skipped="0" time="0.0495555">
        <testcase classname="tests/sidecar/manager.test.ts" name="SidecarManager &gt; spawn + handshake happy path emits ready and exposes API base URL" time="0.0262965">
        </testcase>
        <testcase classname="tests/sidecar/manager.test.ts" name="SidecarManager &gt; handshake timeout rejects when no stdout arrives" time="0.005243625">
        </testcase>
        <testcase classname="tests/sidecar/manager.test.ts" name="SidecarManager &gt; graceful shutdown deletes pid file when process exits on SIGTERM" time="0.005532458">
        </testcase>
        <testcase classname="tests/sidecar/manager.test.ts" name="SidecarManager &gt; force kills sidecar when process hangs after SIGTERM" time="0.003467917">
        </testcase>
        <testcase classname="tests/sidecar/manager.test.ts" name="SidecarManager &gt; zombie reaper SIGKILLs existing audiomorph.main pid before spawn" time="0.0033605">
        </testcase>
        <testcase classname="tests/sidecar/manager.test.ts" name="SidecarManager &gt; restart loop guard emits fatal after crash loop and prevents further restart" time="0.002835917">
        </testcase>
        <testcase classname="tests/sidecar/manager.test.ts" name="SidecarManager &gt; never logs raw token in sidecar output" time="0.002137666">
        </testcase>
    </testsuite>
    <testsuite name="tests/updater/no-updater.test.ts" timestamp="2026-05-16T18:29:59.118Z" hostname="avernus.local" tests="5" failures="0" errors="0" skipped="0" time="0.024803292">
        <testcase classname="tests/updater/no-updater.test.ts" name="no-updater guard &gt; sets autoDownload to false" time="0.012873625">
        </testcase>
        <testcase classname="tests/updater/no-updater.test.ts" name="no-updater guard &gt; sets autoInstallOnAppQuit to false" time="0.003007375">
        </testcase>
        <testcase classname="tests/updater/no-updater.test.ts" name="no-updater guard &gt; checkForUpdates becomes a no-op" time="0.002491084">
        </testcase>
        <testcase classname="tests/updater/no-updater.test.ts" name="no-updater guard &gt; checkForUpdatesAndNotify becomes a no-op" time="0.002169792">
        </testcase>
        <testcase classname="tests/updater/no-updater.test.ts" name="no-updater guard &gt; registers update-available listener that does not download" time="0.0036195">
            <system-err>
Auto-update is disabled in AudioMorph Studio

            </system-err>
        </testcase>
    </testsuite>
    <testsuite name="tests/vault/audit.test.ts" timestamp="2026-05-16T18:29:59.119Z" hostname="avernus.local" tests="3" failures="0" errors="0" skipped="0" time="0.015716708">
        <testcase classname="tests/vault/audit.test.ts" name="AuditLog &gt; append writes JSON line to log file" time="0.006005">
        </testcase>
        <testcase classname="tests/vault/audit.test.ts" name="AuditLog &gt; never logs secret value content" time="0.00387425">
        </testcase>
        <testcase classname="tests/vault/audit.test.ts" name="AuditLog &gt; multiple appends produce multiple lines" time="0.005083208">
        </testcase>
    </testsuite>
    <testsuite name="tests/vault/vault.test.ts" timestamp="2026-05-16T18:29:59.121Z" hostname="avernus.local" tests="8" failures="0" errors="0" skipped="0" time="0.058995333">
        <testcase classname="tests/vault/vault.test.ts" name="KeyVault &gt; set encrypts and writes vault file" time="0.023823292">
        </testcase>
        <testcase classname="tests/vault/vault.test.ts" name="KeyVault &gt; get decrypts and returns value" time="0.004401708">
        </testcase>
        <testcase classname="tests/vault/vault.test.ts" name="KeyVault &gt; get returns null for missing key" time="0.006142416">
        </testcase>
        <testcase classname="tests/vault/vault.test.ts" name="KeyVault &gt; delete removes key from vault" time="0.008019875">
        </testcase>
        <testcase classname="tests/vault/vault.test.ts" name="KeyVault &gt; has returns true/false without decrypting" time="0.004758291">
        </testcase>
        <testcase classname="tests/vault/vault.test.ts" name="KeyVault &gt; clear empties vault" time="0.004398583">
        </testcase>
        <testcase classname="tests/vault/vault.test.ts" name="KeyVault &gt; atomic write uses vault.tmp renamed to vault.enc" time="0.003530541">
        </testcase>
        <testcase classname="tests/vault/vault.test.ts" name="KeyVault &gt; safeStorage unavailable falls back to base64 only without throw" time="0.003294791">
        </testcase>
    </testsuite>
</testsuites>
