<?xml version="1.0" encoding="UTF-8" ?>
<testsuites name="vitest tests" tests="80" failures="0" errors="0" time="0.638">
    <testsuite name="tests/main.test.ts" timestamp="2026-05-16T16:41:11.820Z" hostname="avernus.local" tests="6" failures="0" errors="0" skipped="0" time="0.036653209">
        <testcase classname="tests/main.test.ts" name="Electron shell main process &gt; exports a hardened webPreferences contract" time="0.033974333">
        </testcase>
        <testcase classname="tests/main.test.ts" name="Electron shell main process &gt; uses 1440x900 default and 1024x720 minimum window size" time="0.000176458">
        </testcase>
        <testcase classname="tests/main.test.ts" name="Electron shell main process &gt; buildWindowOptions wires the security contract and a preload script" time="0.0002515">
        </testcase>
        <testcase classname="tests/main.test.ts" name="Electron shell main process &gt; applies platform-specific titlebar styling" time="0.000088208">
        </testcase>
        <testcase classname="tests/main.test.ts" name="Electron shell main process &gt; createWindow boots and registers hardening handlers" time="0.001352666">
        </testcase>
        <testcase classname="tests/main.test.ts" name="Electron shell main process &gt; resolves a renderer entry path under apps/renderer/out" time="0.000136875">
        </testcase>
    </testsuite>
    <testsuite name="tests/preload.test.ts" timestamp="2026-05-16T16:41:11.822Z" hostname="avernus.local" tests="9" failures="0" errors="0" skipped="0" time="0.039714834">
        <testcase classname="tests/preload.test.ts" name="preload bridge &gt; exposes window.electronAPI via contextBridge.exposeInMainWorld" time="0.019570542">
        </testcase>
        <testcase classname="tests/preload.test.ts" name="preload bridge &gt; request() calls ipcRenderer.invoke(&apos;api:request&apos;, args)" time="0.002362458">
        </testcase>
        <testcase classname="tests/preload.test.ts" name="preload bridge &gt; stream() registers listeners for event/end/error channels" time="0.008625125">
        </testcase>
        <testcase classname="tests/preload.test.ts" name="preload bridge &gt; stream() cancel removes listeners and invokes api:stream:cancel" time="0.001518458">
        </testcase>
        <testcase classname="tests/preload.test.ts" name="preload bridge &gt; saveAs() calls ipcRenderer.invoke(&apos;dialog:saveAs&apos;, args)" time="0.001379584">
        </testcase>
        <testcase classname="tests/preload.test.ts" name="preload bridge &gt; openExternal() calls ipcRenderer.invoke(&apos;shell:openExternal&apos;, args)" time="0.001285583">
        </testcase>
        <testcase classname="tests/preload.test.ts" name="preload bridge &gt; getVersion() calls ipcRenderer.invoke(&apos;app:getVersion&apos;)" time="0.001045083">
        </testcase>
        <testcase classname="tests/preload.test.ts" name="preload bridge &gt; does not expose ipcRenderer directly on electronAPI" time="0.001092666">
        </testcase>
        <testcase classname="tests/preload.test.ts" name="preload bridge &gt; hardwareCheck() calls ipcRenderer.invoke(&apos;hardware:check&apos;)" time="0.002111584">
        </testcase>
    </testsuite>
    <testsuite name="tests/crash/crash-reporter.test.ts" timestamp="2026-05-16T16:41:11.823Z" hostname="avernus.local" tests="5" failures="0" errors="0" skipped="0" time="0.027857833">
        <testcase classname="tests/crash/crash-reporter.test.ts" name="crash-reporter &gt; starts crashReporter with uploadToServer disabled" time="0.010343375">
        </testcase>
        <testcase classname="tests/crash/crash-reporter.test.ts" name="crash-reporter &gt; uncaught exception writes crash JSON file" time="0.008147458">
        </testcase>
        <testcase classname="tests/crash/crash-reporter.test.ts" name="crash-reporter &gt; sanitizes Bearer and X-Audiomorph-Token values" time="0.00401425">
        </testcase>
        <testcase classname="tests/crash/crash-reporter.test.ts" name="crash-reporter &gt; calls app.exit(1) after crash write" time="0.002563625">
        </testcase>
        <testcase classname="tests/crash/crash-reporter.test.ts" name="crash-reporter &gt; getCrashLogDir resolves to userData/logs/crashes" time="0.002148083">
        </testcase>
    </testsuite>
    <testsuite name="tests/hardware/hardware-check.test.ts" timestamp="2026-05-16T16:41:11.824Z" hostname="avernus.local" tests="3" failures="0" errors="0" skipped="0" time="0.009518459">
        <testcase classname="tests/hardware/hardware-check.test.ts" name="hardware check enforcement and IPC &gt; enforceHardwareRequirements passes when detect() returns ok=true" time="0.005387334">
        </testcase>
        <testcase classname="tests/hardware/hardware-check.test.ts" name="hardware check enforcement and IPC &gt; enforceHardwareRequirements shows dialog and exits with code 1 when detect fails" time="0.002182292">
        </testcase>
        <testcase classname="tests/hardware/hardware-check.test.ts" name="hardware check enforcement and IPC &gt; registerHardwareIpcHandler registers hardware:check and returns HardwareReport" time="0.001355959">
        </testcase>
    </testsuite>
    <testsuite name="tests/lifecycle/app-lifecycle.test.ts" timestamp="2026-05-16T16:41:11.824Z" hostname="avernus.local" tests="6" failures="0" errors="0" skipped="0" time="0.035224042">
        <testcase classname="tests/lifecycle/app-lifecycle.test.ts" name="setupAppLifecycle &gt; single-instance lock acquired proceeds normally" time="0.020445917">
        </testcase>
        <testcase classname="tests/lifecycle/app-lifecycle.test.ts" name="setupAppLifecycle &gt; single-instance lock failure quits immediately" time="0.001894958">
        </testcase>
        <testcase classname="tests/lifecycle/app-lifecycle.test.ts" name="setupAppLifecycle &gt; second-instance focuses and restores existing window" time="0.003060292">
        </testcase>
        <testcase classname="tests/lifecycle/app-lifecycle.test.ts" name="setupAppLifecycle &gt; window-all-closed on non-macOS quits app" time="0.003676959">
        </testcase>
        <testcase classname="tests/lifecycle/app-lifecycle.test.ts" name="setupAppLifecycle &gt; window-all-closed on macOS does not quit app" time="0.002552666">
        </testcase>
        <testcase classname="tests/lifecycle/app-lifecycle.test.ts" name="setupAppLifecycle &gt; deep-link URL logging is masked (no query params)" time="0.002943291">
        </testcase>
    </testsuite>
    <testsuite name="tests/ipc/bridge.test.ts" timestamp="2026-05-16T16:41:11.825Z" hostname="avernus.local" tests="8" failures="0" errors="0" skipped="0" time="0.166850875">
        <testcase classname="tests/ipc/bridge.test.ts" name="IPC bridge &gt; api:request proxies with Authorization token and returns status/body" time="0.030666708">
        </testcase>
        <testcase classname="tests/ipc/bridge.test.ts" name="IPC bridge &gt; api:cancel aborts in-flight api:request" time="0.007529875">
        </testcase>
        <testcase classname="tests/ipc/bridge.test.ts" name="IPC bridge &gt; api:stream forwards SSE messages to renderer via webContents.send" time="0.060278208">
        </testcase>
        <testcase classname="tests/ipc/bridge.test.ts" name="IPC bridge &gt; api:stream:cancel aborts active stream" time="0.022455417">
        </testcase>
        <testcase classname="tests/ipc/bridge.test.ts" name="IPC bridge &gt; fs:copyFile rejects path traversal outside allowlist" time="0.017056375">
        </testcase>
        <testcase classname="tests/ipc/bridge.test.ts" name="IPC bridge &gt; shell:openExternal enforces allowlist" time="0.011751459">
        </testcase>
        <testcase classname="tests/ipc/bridge.test.ts" name="IPC bridge &gt; api:request forwards error envelope response verbatim" time="0.008379875">
        </testcase>
        <testcase classname="tests/ipc/bridge.test.ts" name="IPC bridge &gt; renderer response values never include sidecar token" time="0.008046417">
        </testcase>
    </testsuite>
    <testsuite name="tests/ipc/vault-handlers.test.ts" timestamp="2026-05-16T16:41:11.826Z" hostname="avernus.local" tests="5" failures="0" errors="0" skipped="0" time="0.041295334">
        <testcase classname="tests/ipc/vault-handlers.test.ts" name="vault IPC handlers &gt; vault:get returns { present } and never secret value" time="0.023465542">
        </testcase>
        <testcase classname="tests/ipc/vault-handlers.test.ts" name="vault IPC handlers &gt; vault:set calls vault.set and returns ok" time="0.006254">
        </testcase>
        <testcase classname="tests/ipc/vault-handlers.test.ts" name="vault IPC handlers &gt; vault:delete calls vault.delete" time="0.004592667">
        </testcase>
        <testcase classname="tests/ipc/vault-handlers.test.ts" name="vault IPC handlers &gt; vault:has calls vault.has and returns present" time="0.002657875">
        </testcase>
        <testcase classname="tests/ipc/vault-handlers.test.ts" name="vault IPC handlers &gt; getSecretForSidecar returns decrypted value but IPC responses do not" time="0.003655">
        </testcase>
    </testsuite>
    <testsuite name="tests/menu/menu-builder.test.ts" timestamp="2026-05-16T16:41:11.826Z" hostname="avernus.local" tests="4" failures="0" errors="0" skipped="0" time="0.028822209">
        <testcase classname="tests/menu/menu-builder.test.ts" name="buildMenu &gt; macOS includes native app menu" time="0.018645208">
        </testcase>
        <testcase classname="tests/menu/menu-builder.test.ts" name="buildMenu &gt; win/linux includes File &gt; Quit" time="0.003753">
        </testcase>
        <testcase classname="tests/menu/menu-builder.test.ts" name="buildMenu &gt; DevTools menu item exists only in dev mode" time="0.0024605">
        </testcase>
        <testcase classname="tests/menu/menu-builder.test.ts" name="buildMenu &gt; sets application menu with built menu" time="0.003346084">
        </testcase>
    </testsuite>
    <testsuite name="tests/packaging/mac.test.ts" timestamp="2026-05-16T16:41:11.827Z" hostname="avernus.local" tests="5" failures="0" errors="0" skipped="0" time="0.012644958">
        <testcase classname="tests/packaging/mac.test.ts" name="mac packaging &gt; entitlements plist is valid XML and contains all required keys" time="0.000908125">
        </testcase>
        <testcase classname="tests/packaging/mac.test.ts" name="mac packaging &gt; sign-python afterPack hook exports a function" time="0.0107185">
        </testcase>
        <testcase classname="tests/packaging/mac.test.ts" name="mac packaging &gt; build script contains required env guards" time="0.000208875">
        </testcase>
        <testcase classname="tests/packaging/mac.test.ts" name="mac packaging &gt; env guard logic fails fast with descriptive missing variable" time="0.000103875">
        </testcase>
        <testcase classname="tests/packaging/mac.test.ts" name="mac packaging &gt; env guard logic passes when all required variables are set" time="0.000078792">
        </testcase>
    </testsuite>
    <testsuite name="tests/packaging/win.test.ts" timestamp="2026-05-16T16:41:11.827Z" hostname="avernus.local" tests="6" failures="0" errors="0" skipped="0" time="0.012053541">
        <testcase classname="tests/packaging/win.test.ts" name="win packaging &gt; electron-builder.yml win section has required fields" time="0.001047125">
        </testcase>
        <testcase classname="tests/packaging/win.test.ts" name="win packaging &gt; electron-builder.yml nsis section has required fields" time="0.000622084">
        </testcase>
        <testcase classname="tests/packaging/win.test.ts" name="win packaging &gt; installer.nsh contains NVIDIA check via Get-CimInstance (not wmic)" time="0.000237875">
        </testcase>
        <testcase classname="tests/packaging/win.test.ts" name="win packaging &gt; installer.nsh uses customInit macro and PowerShell exec" time="0.000145417">
        </testcase>
        <testcase classname="tests/packaging/win.test.ts" name="win packaging &gt; build-win.sh exists, is executable, and has valid bash syntax" time="0.009050417">
        </testcase>
        <testcase classname="tests/packaging/win.test.ts" name="win packaging &gt; build-win.sh runs electron-builder --win --x64 and does not require WIN_CSC vars" time="0.000315583">
        </testcase>
    </testsuite>
    <testsuite name="tests/sidecar/manager.test.ts" timestamp="2026-05-16T16:41:11.828Z" hostname="avernus.local" tests="7" failures="0" errors="0" skipped="0" time="0.050242625">
        <testcase classname="tests/sidecar/manager.test.ts" name="SidecarManager &gt; spawn + handshake happy path emits ready and exposes API base URL" time="0.024783792">
        </testcase>
        <testcase classname="tests/sidecar/manager.test.ts" name="SidecarManager &gt; handshake timeout rejects when no stdout arrives" time="0.006755208">
        </testcase>
        <testcase classname="tests/sidecar/manager.test.ts" name="SidecarManager &gt; graceful shutdown deletes pid file when process exits on SIGTERM" time="0.004254041">
        </testcase>
        <testcase classname="tests/sidecar/manager.test.ts" name="SidecarManager &gt; force kills sidecar when process hangs after SIGTERM" time="0.005127083">
        </testcase>
        <testcase classname="tests/sidecar/manager.test.ts" name="SidecarManager &gt; zombie reaper SIGKILLs existing audiomorph.main pid before spawn" time="0.002729959">
        </testcase>
        <testcase classname="tests/sidecar/manager.test.ts" name="SidecarManager &gt; restart loop guard emits fatal after crash loop and prevents further restart" time="0.00308675">
        </testcase>
        <testcase classname="tests/sidecar/manager.test.ts" name="SidecarManager &gt; never logs raw token in sidecar output" time="0.002811">
        </testcase>
    </testsuite>
    <testsuite name="tests/updater/no-updater.test.ts" timestamp="2026-05-16T16:41:11.828Z" hostname="avernus.local" tests="5" failures="0" errors="0" skipped="0" time="0.023742583">
        <testcase classname="tests/updater/no-updater.test.ts" name="no-updater guard &gt; sets autoDownload to false" time="0.015591416">
        </testcase>
        <testcase classname="tests/updater/no-updater.test.ts" name="no-updater guard &gt; sets autoInstallOnAppQuit to false" time="0.000907458">
        </testcase>
        <testcase classname="tests/updater/no-updater.test.ts" name="no-updater guard &gt; checkForUpdates becomes a no-op" time="0.003240834">
        </testcase>
        <testcase classname="tests/updater/no-updater.test.ts" name="no-updater guard &gt; checkForUpdatesAndNotify becomes a no-op" time="0.001450833">
        </testcase>
        <testcase classname="tests/updater/no-updater.test.ts" name="no-updater guard &gt; registers update-available listener that does not download" time="0.001908042">
            <system-err>
Auto-update is disabled in AudioMorph Studio

            </system-err>
        </testcase>
    </testsuite>
    <testsuite name="tests/vault/audit.test.ts" timestamp="2026-05-16T16:41:11.829Z" hostname="avernus.local" tests="3" failures="0" errors="0" skipped="0" time="0.013348792">
        <testcase classname="tests/vault/audit.test.ts" name="AuditLog &gt; append writes JSON line to log file" time="0.006325375">
        </testcase>
        <testcase classname="tests/vault/audit.test.ts" name="AuditLog &gt; never logs secret value content" time="0.002916916">
        </testcase>
        <testcase classname="tests/vault/audit.test.ts" name="AuditLog &gt; multiple appends produce multiple lines" time="0.003559125">
        </testcase>
    </testsuite>
    <testsuite name="tests/vault/vault.test.ts" timestamp="2026-05-16T16:41:11.829Z" hostname="avernus.local" tests="8" failures="0" errors="0" skipped="0" time="0.061874666">
        <testcase classname="tests/vault/vault.test.ts" name="KeyVault &gt; set encrypts and writes vault file" time="0.029866208">
        </testcase>
        <testcase classname="tests/vault/vault.test.ts" name="KeyVault &gt; get decrypts and returns value" time="0.004471417">
        </testcase>
        <testcase classname="tests/vault/vault.test.ts" name="KeyVault &gt; get returns null for missing key" time="0.002879209">
        </testcase>
        <testcase classname="tests/vault/vault.test.ts" name="KeyVault &gt; delete removes key from vault" time="0.006476125">
        </testcase>
        <testcase classname="tests/vault/vault.test.ts" name="KeyVault &gt; has returns true/false without decrypting" time="0.005117459">
        </testcase>
        <testcase classname="tests/vault/vault.test.ts" name="KeyVault &gt; clear empties vault" time="0.00531525">
        </testcase>
        <testcase classname="tests/vault/vault.test.ts" name="KeyVault &gt; atomic write uses vault.tmp renamed to vault.enc" time="0.004971125">
        </testcase>
        <testcase classname="tests/vault/vault.test.ts" name="KeyVault &gt; safeStorage unavailable falls back to base64 only without throw" time="0.002083916">
        </testcase>
    </testsuite>
</testsuites>
